<?xml version="1.0" encoding="UTF-8"?>
<testng-results ignored="0" total="1" passed="1" failed="0" skipped="0">
  <reporter-output>
  </reporter-output>
  <suite started-at="2023-02-09T18:50:04 IST" name="Default suite" finished-at="2023-02-09T18:50:13 IST" duration-ms="8496">
    <groups>
    </groups>
    <test started-at="2023-02-09T18:50:04 IST" name="Default test" finished-at="2023-02-09T18:50:13 IST" duration-ms="8496">
      <class name="com.app.KoinxAssignment.Task2Get">
        <test-method signature="getReq()[pri:0, instance:com.app.KoinxAssignment.Task2Get@6eda5c9]" started-at="2023-02-09T18:50:04 IST" name="getReq" finished-at="2023-02-09T18:50:13 IST" duration-ms="8416" status="PASS">
          <reporter-output>
          </reporter-output>
        </test-method> <!-- getReq -->
      </class> <!-- com.app.KoinxAssignment.Task2Get -->
    </test> <!-- Default test -->
  </suite> <!-- Default suite -->
</testng-results>
